\BOOKMARK [1][-]{section*.1}{\376\377\004\027\004\060\004\074\004\065\004\107\004\060\004\075\004\070\004\117\000\040\004\070\000\040\004\061\004\073\004\060\004\063\004\076\004\064\004\060\004\100\004\075\004\076\004\101\004\102\004\070}{}% 1
\BOOKMARK [1][-]{section*.2}{\376\377\004\022\004\062\004\065\004\064\004\065\004\075\004\070\004\065}{}% 2
\BOOKMARK [1][-]{section.1}{\376\377\004\033\004\065\004\072\004\106\004\070\004\117\000\040\0001}{}% 3
\BOOKMARK [2][-]{subsection.1.1}{\376\377\004\036\004\101\004\075\004\076\004\062\004\075\004\113\004\065\000\040\004\102\004\065\004\100\004\074\004\070\004\075\004\113}{section.1}% 4
\BOOKMARK [2][-]{subsection.1.2}{\376\377\004\040\004\060\004\101\004\077\004\100\004\065\004\064\004\065\004\073\004\065\004\075\004\070\004\065\000\040\004\021\004\076\004\073\004\114\004\106\004\074\004\060\004\075\004\060\000\040\004\064\004\073\004\117\000\040\0001\000\040\004\074\004\076\004\073\004\065\004\072\004\103\004\073\004\113}{section.1}% 5
\BOOKMARK [2][-]{subsection.1.3}{\376\377\004\030\004\064\004\065\004\060\004\073\004\114\004\075\004\113\004\071\000\040\004\063\004\060\004\067\000\040\004\072\004\060\004\072\000\040\004\101\004\070\004\101\004\102\004\065\004\074\004\060\000\040\004\075\004\065\004\067\004\060\004\062\004\070\004\101\004\070\004\074\004\113\004\105\000\040\004\077\004\076\004\064\004\101\004\070\004\101\004\102\004\065\004\074}{section.1}% 6
\BOOKMARK [2][-]{subsection.1.4}{\376\377\004\022\004\076\004\077\004\100\004\076\004\101\004\113\000\040\004\103\004\101\004\100\004\065\004\064\004\075\004\065\004\075\004\070\004\117\000\040\004\070\000\040\004\115\004\100\004\063\004\076\004\064\004\070\004\107\004\065\004\101\004\072\004\070\004\065\000\040\004\101\004\070\004\101\004\102\004\065\004\074\004\113}{section.1}% 7
\BOOKMARK [2][-]{subsection.1.5}{\376\377\004\024\004\062\004\103\004\105\004\103\004\100\004\076\004\062\004\075\004\065\004\062\004\113\004\065\000\040\004\101\004\070\004\101\004\102\004\065\004\074\004\113}{section.1}% 8
\BOOKMARK [2][-]{subsection.1.6}{\376\377\004\041\004\102\004\065\004\072\004\073\004\076}{section.1}% 9
\BOOKMARK [1][-]{section.2}{\376\377\004\033\004\065\004\072\004\106\004\070\004\117\000\040\0002}{}% 10
\BOOKMARK [2][-]{subsection.2.1}{\376\377\004\047\004\060\004\101\004\102\004\070\004\106\004\060\000\040\004\062\000\040\004\102\004\100\004\121\004\105\004\074\004\065\004\100\004\075\004\076\004\074\000\040\004\077\004\100\004\076\004\101\004\102\004\100\004\060\004\075\004\101\004\102\004\062\004\065}{section.2}% 11
\BOOKMARK [2][-]{subsection.2.2}{\376\377\004\024\004\060\004\062\004\073\004\065\004\075\004\070\004\065}{section.2}% 12
\BOOKMARK [2][-]{subsection.2.3}{\376\377\004\022\004\100\004\060\004\111\004\060\004\102\004\065\004\073\004\114\004\075\004\076\004\065\000\040\004\064\004\062\004\070\004\066\004\065\004\075\004\070\004\065\000\040\004\074\004\076\004\073\004\065\004\072\004\103\004\073}{section.2}% 13
\BOOKMARK [2][-]{subsection.2.4}{\376\377\004\040\004\060\004\101\004\077\004\100\004\065\004\064\004\065\004\073\004\065\004\075\004\070\004\065\000\040\004\101\004\100\004\065\004\064\004\075\004\070\004\105\000\040\004\062\004\065\004\073\004\070\004\107\004\070\004\075}{section.2}% 14
\BOOKMARK [1][-]{section.3}{\376\377\004\033\004\065\004\072\004\106\004\070\004\117\000\040\0003}{}% 15
\BOOKMARK [2][-]{subsection.3.1}{\376\377\004\041\004\100\004\065\004\064\004\075\004\065\004\072\004\062\004\060\004\064\004\100\004\060\004\102\004\070\004\107\004\075\004\076\004\065\000\040\004\076\004\102\004\072\004\073\004\076\004\075\004\065\004\075\004\070\004\065}{section.3}% 16
\BOOKMARK [2][-]{subsection.3.2}{\376\377\004\037\004\100\004\070\004\074\004\065\004\100\004\113}{section.3}% 17
\BOOKMARK [2][-]{subsection.3.3}{\376\377\004\044\004\073\004\103\004\072\004\102\004\103\004\060\004\106\004\070\004\117}{section.3}% 18
\BOOKMARK [2][-]{subsection.3.4}{\376\377\004\050\004\103\004\074\000\040\004\100\004\065\004\067\004\070\004\101\004\102\004\076\004\100\004\060}{section.3}% 19
\BOOKMARK [1][-]{section.4}{\376\377\004\033\004\065\004\072\004\106\004\070\004\117\000\040\0004}{}% 20
\BOOKMARK [2][-]{subsection.4.1}{\376\377\004\055\004\075\004\102\004\100\004\076\004\077\004\070\004\117}{section.4}% 21
\BOOKMARK [2][-]{subsection.4.2}{\376\377\004\041\004\062\004\076\004\061\004\076\004\064\004\075\004\060\004\117\000\040\004\115\004\075\004\065\004\100\004\063\004\070\004\117}{section.4}% 22
\BOOKMARK [2][-]{subsection.4.3}{\376\377\004\036\004\077\004\100\004\065\004\064\004\065\004\073\004\065\004\075\004\070\004\065\000\040\004\102\004\065\004\074\004\077\004\065\004\100\004\060\004\102\004\103\004\100\004\113\000\040\004\107\004\065\004\100\004\065\004\067\000\040\004\115\004\075\004\102\004\100\004\076\004\077\004\070\004\116}{section.4}% 23
\BOOKMARK [2][-]{subsection.4.4}{\376\377\004\035\004\060\004\107\004\060\004\073\004\060\000\040\004\102\004\065\004\100\004\074\004\076\004\064\004\070\004\075\004\060\004\074\004\070\004\072\004\070}{section.4}% 24
\BOOKMARK [1][-]{section.5}{\376\377\004\033\004\065\004\072\004\106\004\070\004\117\000\040\0005}{}% 25
\BOOKMARK [2][-]{subsection.5.1}{\376\377\004\045\004\070\004\074\000.\000\040\004\077\004\076\004\102\004\065\004\075\004\106\004\070\004\060\004\073}{section.5}% 26
\BOOKMARK [2][-]{subsection.5.2}{\376\377\004\037\004\100\004\076\004\106\004\065\004\101\004\101\004\113}{section.5}% 27
\BOOKMARK [3][-]{subsubsection.5.2.1}{\376\377\004\020\004\064\004\070\004\060\004\061\004\060\004\102\004\070\004\107\004\065\004\101\004\072\004\070\004\071\000\040\004\077\004\100\004\076\004\106\004\065\004\101\004\101}{subsection.5.2}% 28
\BOOKMARK [2][-]{subsection.5.3}{\376\377\004\037\004\065\004\100\004\062\004\076\004\065\000\040\004\075\004\060\004\107\004\060\004\073\004\076\000\040\004\102\004\065\004\100\004\074\004\076\004\064\004\070\004\075\004\060\004\074\004\070\004\072\004\070}{section.5}% 29
\BOOKMARK [2][-]{subsection.5.4}{\376\377\004\046\004\070\004\072\004\073\004\113}{section.5}% 30
\BOOKMARK [2][-]{subsection.5.5}{\376\377\004\030\004\064\004\065\004\060\004\073\004\114\004\075\004\113\004\071\000\040\004\063\004\060\004\067}{section.5}% 31
\BOOKMARK [1][-]{section.6}{\376\377\004\033\004\065\004\072\004\106\004\070\004\117\000\040\0006}{}% 32
\BOOKMARK [2][-]{subsection.6.1}{\376\377\004\041\004\076\004\101\004\102\004\076\004\117\004\075\004\070\004\065\000\040\004\100\004\060\004\062\004\075\004\076\004\062\004\065\004\101\004\070\004\117}{section.6}% 33
\BOOKMARK [2][-]{subsection.6.2}{\376\377\004\042\004\065\004\077\004\073\004\076\004\062\004\113\004\065\000\040\004\074\004\060\004\110\004\070\004\075\004\113}{section.6}% 34
\BOOKMARK [2][-]{subsection.6.3}{\376\377\004\042\004\065\004\100\004\074\004\076\004\064\004\070\004\075\004\060\004\074\004\070\004\107\004\065\004\101\004\072\004\070\004\065\000\040\004\102\004\076\004\066\004\064\004\065\004\101\004\102\004\062\004\060}{section.6}% 35
\BOOKMARK [2][-]{subsection.6.4}{\376\377\004\037\004\100\004\076\004\106\004\065\004\101\004\101\000\040\004\024\004\066\004\076\004\103\004\073\004\117\000-\004\042\004\076\004\074\004\077\004\101\004\076\004\075\004\060}{section.6}% 36
\BOOKMARK [1][-]{section.7}{\376\377\004\033\004\065\004\072\004\106\004\070\004\117\000\040\0007}{}% 37
\BOOKMARK [2][-]{subsection.7.1}{\376\377\004\042\004\065\004\100\004\074\004\076\004\064\004\070\004\075\004\060\004\074\004\070\004\107\004\065\004\101\004\072\004\070\004\065\000\040\004\077\004\076\004\102\004\065\004\075\004\106\004\070\004\060\004\073\004\113}{section.7}% 38
\BOOKMARK [2][-]{subsection.7.2}{\376\377\004\041\004\076\004\076\004\102\004\075\004\076\004\110\004\065\004\075\004\070\004\117\000\040\004\034\004\060\004\072\004\101\004\062\004\065\004\073\004\073\004\060}{section.7}% 39
\BOOKMARK [2][-]{subsection.7.3}{\376\377\004\037\004\076\004\102\004\065\004\075\004\106\004\070\004\060\004\073\000\040\004\023\004\070\004\061\004\061\004\101\004\060\000\040\004\070\000\040\004\103\004\100\004\060\004\062\004\075\004\065\004\075\004\070\004\065\000\040\004\032\004\073\004\060\004\071\004\077\004\065\004\100\004\076\004\075\004\060\000-\004\032\004\073\004\060\004\067\004\070\004\103\004\101\004\060}{section.7}% 40
\BOOKMARK [2][-]{subsection.7.4}{\376\377\004\044\004\060\004\067\004\076\004\062\004\060\004\117\000\040\004\064\004\070\004\060\004\063\004\100\004\060\004\074\004\074\004\060}{section.7}% 41
\BOOKMARK [1][-]{section.8}{\376\377\004\033\004\065\004\072\004\106\004\070\004\117\000\040\0008}{}% 42
\BOOKMARK [2][-]{subsection.8.1}{\376\377\004\023\004\060\004\067\000\040\004\022\004\060\004\075\000\040\004\064\004\065\004\100\000\040\004\022\004\060\004\060\004\073\004\114\004\101\004\060}{section.8}% 43
\BOOKMARK [2][-]{subsection.8.2}{\376\377\004\032\004\100\004\070\004\102\004\070\004\107\004\065\004\101\004\072\004\060\004\117\000\040\004\102\004\076\004\107\004\072\004\060}{section.8}% 44
\BOOKMARK [2][-]{subsection.8.3}{\376\377\004\022\004\075\004\103\004\102\004\100\004\065\004\075\004\075\004\117\004\117\000\040\004\115\004\075\004\065\004\100\004\063\004\070\004\117\000\040\004\063\004\060\004\067\004\060\000\040\004\022\004\060\004\075\000\040\004\064\004\065\004\100\000\040\004\022\004\060\004\060\004\073\004\114\004\101\004\060}{section.8}% 45
\BOOKMARK [1][-]{section.9}{\376\377\004\033\004\065\004\072\004\106\004\070\004\117\000\040\0009}{}% 46
\BOOKMARK [2][-]{subsection.9.1}{\376\377\004\037\004\076\004\062\004\065\004\100\004\105\004\075\004\076\004\101\004\102\004\075\004\113\004\065\000\040\004\117\004\062\004\073\004\065\004\075\004\070\004\117}{section.9}% 47
\BOOKMARK [2][-]{subsection.9.2}{\376\377\004\037\004\076\004\064\004\075\004\117\004\102\004\070\004\065\000\040\004\066\004\070\004\064\004\072\004\076\004\101\004\102\004\070\000\040\004\062\000\040\004\072\004\060\004\077\004\070\004\073\004\073\004\117\004\100\004\065}{section.9}% 48
\BOOKMARK [2][-]{subsection.9.3}{\376\377\004\033\004\060\004\077\004\073\004\060\004\101\004\076\004\062\004\076\000\040\004\064\004\060\004\062\004\073\004\065\004\075\004\070\004\065}{section.9}% 49
\BOOKMARK [2][-]{subsection.9.4}{\376\377\004\034\004\113\004\073\004\114\004\075\004\113\004\065\000\040\004\077\004\103\004\067\004\113\004\100\004\070}{section.9}% 50
\BOOKMARK [2][-]{subsection.9.5}{\376\377\004\042\004\065\004\077\004\073\004\076\004\062\004\076\004\065\000\040\004\100\004\060\004\101\004\110\004\070\004\100\004\065\004\075\004\070\004\065}{section.9}% 51
\BOOKMARK [1][-]{section.10}{\376\377\004\033\004\065\004\072\004\106\004\070\004\117\000\040\0001\0000}{}% 52
\BOOKMARK [2][-]{subsection.10.1}{\376\377\004\044\004\060\004\067\004\076\004\062\004\113\004\065\000\040\004\077\004\065\004\100\004\065\004\105\004\076\004\064\004\113\000\040\0002\000\040\004\100\004\076\004\064\004\060}{section.10}% 53
\BOOKMARK [2][-]{subsection.10.2}{\376\377\004\042\004\065\004\076\004\100\004\070\004\117\000\040\004\101\004\100\004\065\004\064\004\075\004\065\004\063\004\076\000\040\004\077\004\076\004\073\004\117}{section.10}% 54
\BOOKMARK [2][-]{subsection.10.3}{\376\377\004\042\004\065\004\076\004\100\004\070\004\117\000\040\004\033\004\060\004\075\004\064\004\060\004\103}{section.10}% 55
\BOOKMARK [1][-]{section.11}{\376\377\004\033\004\065\004\072\004\106\004\070\004\117\000\040\0001\0001}{}% 56
\BOOKMARK [2][-]{subsection.11.1}{\376\377\004\034\004\076\004\064\004\065\004\073\004\114\000\040\004\030\004\067\004\070\004\075\004\063\004\060}{section.11}% 57
\BOOKMARK [2][-]{subsection.11.2}{\376\377\004\036\004\101\004\075\004\076\004\062\004\113\000\040\004\072\004\070\004\075\004\065\004\102\004\070\004\072\004\070}{section.11}% 58
\BOOKMARK [2][-]{subsection.11.3}{\376\377\004\043\004\100\004\060\004\062\004\075\004\065\004\075\004\070\004\065\000\040\004\064\004\070\004\104\004\104\004\103\004\067\004\070\004\070\000\040\004\070\000\040\004\103\004\100\004\060\004\062\004\075\004\065\004\075\004\070\004\065\000\040\004\102\004\065\004\077\004\073\004\076\004\077\004\100\004\076\004\062\004\076\004\064\004\075\004\076\004\101\004\102\004\070}{section.11}% 59
\BOOKMARK [2][-]{subsection.11.4}{\376\377\004\024\004\073\004\070\004\075\004\060\000\040\004\101\004\062\004\076\004\061\004\076\004\064\004\075\004\076\004\063\004\076\000\040\004\077\004\100\004\076\004\061\004\065\004\063\004\060}{section.11}% 60
\BOOKMARK [2][-]{subsection.11.5}{\376\377\004\036\004\106\004\065\004\075\004\072\004\060\000\040\004\072\004\076\004\115\004\104\004\104\004\070\004\106\004\070\004\065\004\075\004\102\004\060\000\040\004\064\004\070\004\104\004\104\004\103\004\067\004\070\004\070}{section.11}% 61
\BOOKMARK [1][-]{section.12}{\376\377\004\033\004\065\004\072\004\106\004\070\004\117\000\040\0001\0002}{}% 62
\BOOKMARK [2][-]{subsection.12.1}{\376\377\004\022\004\117\004\067\004\072\004\076\004\101\004\102\004\114}{section.12}% 63
\BOOKMARK [2][-]{subsection.12.2}{\376\377\004\042\004\065\004\077\004\073\004\076\004\077\004\100\004\076\004\062\004\076\004\064\004\075\004\076\004\101\004\102\004\114\000\040\004\063\004\060\004\067\004\060}{section.12}% 64
\BOOKMARK [2][-]{subsection.12.3}{\376\377\004\021\004\100\004\076\004\103\004\075\004\076\004\062\004\101\004\072\004\076\004\065\000\040\004\064\004\062\004\070\004\066\004\065\004\075\004\070\004\065}{section.12}% 65
\BOOKMARK [2][-]{subsection.12.4}{\376\377\004\042\004\100\004\065\004\075\004\070\004\065}{section.12}% 66
\BOOKMARK [2][-]{subsection.12.5}{\376\377\004\021\004\073\004\103\004\066\004\064\004\060\004\075\004\070\004\117\000\040\004\070\000\040\004\107\004\065\004\073\004\076\004\062\004\065\004\072}{section.12}% 67
\BOOKMARK [2][-]{subsection.12.6}{\376\377\004\022\004\076\004\073\004\075\004\060}{section.12}% 68
\BOOKMARK [1][-]{section.13}{\376\377\004\033\004\065\004\072\004\106\004\070\004\117\000\040\0001\0003}{}% 69
\BOOKMARK [2][-]{subsection.13.1}{\376\377\004\042\004\065\004\100\004\074\004\076\004\064\004\070\004\075\004\060\004\074\004\070\004\072\004\060\000\040\004\115\004\073\004\065\004\072\004\102\004\100\004\076\004\075\004\076\004\062\000\040\004\062\000\040\004\074\004\065\004\102\004\060\004\073\004\073\004\065}{section.13}% 70
\BOOKMARK [2][-]{subsection.13.2}{\376\377\004\041\004\076\004\061\004\101\004\102\004\062\004\065\004\075\004\075\004\113\004\071\000\040\004\105\004\070\004\074\000.\000\040\004\077\004\076\004\102\004\065\004\075\004\106\004\070\004\060\004\073}{section.13}% 71
\BOOKMARK [3][-]{subsubsection.13.2.1}{\376\377\004\055\004\104\004\104\004\065\004\072\004\102\000\040\004\027\004\065\004\065\004\061\004\065\004\072\004\060\000\040\004\070\000\040\004\037\004\065\004\073\004\114\004\102\004\114\004\065}{subsection.13.2}% 72
